Release 14.7 - xst P.20131013 (nt)
Copyright (c) 1995-2013 Xilinx, Inc.  All rights reserved.
--> Parameter TMPDIR set to xst/projnav.tmp


Total REAL time to Xst completion: 0.00 secs
Total CPU time to Xst completion: 0.11 secs
 
--> Parameter xsthdpdir set to xst


Total REAL time to Xst completion: 0.00 secs
Total CPU time to Xst completion: 0.11 secs
 
--> Reading design: ALU.prj

TABLE OF CONTENTS
  1) Synthesis Options Summary
  2) HDL Compilation
  3) Design Hierarchy Analysis
  4) HDL Analysis
  5) HDL Synthesis
     5.1) HDL Synthesis Report
  6) Advanced HDL Synthesis
     6.1) Advanced HDL Synthesis Report
  7) Low Level Synthesis
  8) Partition Report
  9) Final Report
	9.1) Device utilization summary
	9.2) Partition Resource Summary
	9.3) TIMING REPORT


=========================================================================
*                      Synthesis Options Summary                        *
=========================================================================
---- Source Parameters
Input File Name                    : "ALU.prj"
Input Format                       : mixed
Ignore Synthesis Constraint File   : NO

---- Target Parameters
Output File Name                   : "ALU"
Output Format                      : NGC
Target Device                      : xc3s100e-4-cp132

---- Source Options
Top Module Name                    : ALU
Automatic FSM Extraction           : YES
FSM Encoding Algorithm             : Auto
Safe Implementation                : No
FSM Style                          : LUT
RAM Extraction                     : Yes
RAM Style                          : Auto
ROM Extraction                     : Yes
Mux Style                          : Auto
Decoder Extraction                 : YES
Priority Encoder Extraction        : Yes
Shift Register Extraction          : YES
Logical Shifter Extraction         : YES
XOR Collapsing                     : YES
ROM Style                          : Auto
Mux Extraction                     : Yes
Resource Sharing                   : YES
Asynchronous To Synchronous        : NO
Multiplier Style                   : Auto
Automatic Register Balancing       : No

---- Target Options
Add IO Buffers                     : YES
Global Maximum Fanout              : 100000
Add Generic Clock Buffer(BUFG)     : 24
Register Duplication               : YES
Slice Packing                      : YES
Optimize Instantiated Primitives   : NO
Use Clock Enable                   : Yes
Use Synchronous Set                : Yes
Use Synchronous Reset              : Yes
Pack IO Registers into IOBs        : Auto
Equivalent register Removal        : YES

---- General Options
Optimization Goal                  : Speed
Optimization Effort                : 1
Keep Hierarchy                     : No
Netlist Hierarchy                  : As_Optimized
RTL Output                         : Yes
Global Optimization                : AllClockNets
Read Cores                         : YES
Write Timing Constraints           : NO
Cross Clock Analysis               : NO
Hierarchy Separator                : /
Bus Delimiter                      : <>
Case Specifier                     : Maintain
Slice Utilization Ratio            : 100
BRAM Utilization Ratio             : 100
Verilog 2001                       : YES
Auto BRAM Packing                  : NO
Slice Utilization Ratio Delta      : 5

=========================================================================


=========================================================================
*                          HDL Compilation                              *
=========================================================================
Compiling verilog file "ALU.v" in library work
Module <ALU> compiled
No errors in compilation
Analysis of file <"ALU.prj"> succeeded.
 

=========================================================================
*                     Design Hierarchy Analysis                         *
=========================================================================
Analyzing hierarchy for module <ALU> in library <work>.


=========================================================================
*                            HDL Analysis                               *
=========================================================================
Analyzing top module <ALU>.
Module <ALU> is correct for synthesis.
 

=========================================================================
*                           HDL Synthesis                               *
=========================================================================

Performing bidirectional port resolution...

Synthesizing Unit <ALU>.
    Related source file is "ALU.v".
WARNING:Xst:646 - Signal <subRes> is assigned but never used. This unconnected signal will be trimmed during the optimization process.
WARNING:Xst:737 - Found 32-bit latch for signal <Result>. Latches may be generated from incomplete case or if statements. We do not recommend the use of latches in FPGA/CPLD designs, as they may lead to timing problems.
INFO:Xst:2371 - HDL ADVISOR - Logic functions respectively driving the data and gate enable inputs of this latch share common terms. This situation will potentially lead to setup/hold violations and, as a result, to simulation problems. This situation may come from an incomplete case statement (all selector values are not covered). You should carefully review if it was in your intentions to describe such a latch.
    Found 32-bit subtractor for signal <old_subRes_1$sub0000> created at line 37.
    Found 32-bit adder for signal <Result$addsub0000> created at line 32.
    Found 32-bit comparator equal for signal <Result$cmp_eq0006> created at line 41.
    Summary:
	inferred   2 Adder/Subtractor(s).
	inferred   1 Comparator(s).
Unit <ALU> synthesized.


=========================================================================
HDL Synthesis Report

Macro Statistics
# Adders/Subtractors                                   : 2
 32-bit adder                                          : 1
 32-bit subtractor                                     : 1
# Latches                                              : 1
 32-bit latch                                          : 1
# Comparators                                          : 1
 32-bit comparator equal                               : 1

=========================================================================

=========================================================================
*                       Advanced HDL Synthesis                          *
=========================================================================


=========================================================================
Advanced HDL Synthesis Report

Macro Statistics
# Adders/Subtractors                                   : 2
 32-bit adder                                          : 1
 32-bit subtractor                                     : 1
# Latches                                              : 1
 32-bit latch                                          : 1
# Comparators                                          : 1
 32-bit comparator equal                               : 1

=========================================================================

=========================================================================
*                         Low Level Synthesis                           *
=========================================================================

Optimizing unit <ALU> ...

Mapping all equations...
Building and optimizing final netlist ...
Found area constraint ratio of 100 (+ 5) on block ALU, actual ratio is 12.

Final Macro Processing ...

=========================================================================
Final Register Report

Found no macro
=========================================================================

=========================================================================
*                           Partition Report                            *
=========================================================================

Partition Implementation Status
-------------------------------

  No Partitions were found in this design.

-------------------------------

=========================================================================
*                            Final Report                               *
=========================================================================
Final Results
RTL Top Level Output File Name     : ALU.ngr
Top Level Output File Name         : ALU
Output Format                      : NGC
Optimization Goal                  : Speed
Keep Hierarchy                     : No

Design Statistics
# IOs                              : 99

Cell Usage :
# BELS                             : 371
#      GND                         : 1
#      LUT2                        : 66
#      LUT3                        : 16
#      LUT4                        : 111
#      MUXCY                       : 78
#      MUXF5                       : 33
#      MUXF6                       : 1
#      VCC                         : 1
#      XORCY                       : 64
# FlipFlops/Latches                : 32
#      LD                          : 32
# Clock Buffers                    : 1
#      BUFG                        : 1
# IO Buffers                       : 99
#      IBUF                        : 67
#      OBUF                        : 32
=========================================================================

Device utilization summary:
---------------------------

Selected Device : 3s100ecp132-4 

 Number of Slices:                      100  out of    960    10%  
 Number of 4 input LUTs:                193  out of   1920    10%  
 Number of IOs:                          99
 Number of bonded IOBs:                  99  out of     83   119% (*) 
    IOB Flip Flops:                      32
 Number of GCLKs:                         1  out of     24     4%  

WARNING:Xst:1336 -  (*) More than 100% of Device resources are used

---------------------------
Partition Resource Summary:
---------------------------

  No Partitions were found in this design.

---------------------------


=========================================================================
TIMING REPORT

NOTE: THESE TIMING NUMBERS ARE ONLY A SYNTHESIS ESTIMATE.
      FOR ACCURATE TIMING INFORMATION PLEASE REFER TO THE TRACE REPORT
      GENERATED AFTER PLACE-and-ROUTE.

Clock Information:
------------------
-----------------------------------+------------------------+-------+
Clock Signal                       | Clock buffer(FF name)  | Load  |
-----------------------------------+------------------------+-------+
Result_not00011(Result_not00011:O) | BUFG(*)(Result_0)      | 32    |
-----------------------------------+------------------------+-------+
(*) This 1 clock signal(s) are generated by combinatorial logic,
and XST is not able to identify which are the primary clock signals.
Please use the CLOCK_SIGNAL constraint to specify the clock signal(s) generated by combinatorial logic.

Asynchronous Control Signals Information:
----------------------------------------
No asynchronous control signals found in this design

Timing Summary:
---------------
Speed Grade: -4

   Minimum period: No path found
   Minimum input arrival time before clock: 8.653ns
   Maximum output required time after clock: 4.368ns
   Maximum combinational path delay: No path found

Timing Detail:
--------------
All values displayed in nanoseconds (ns)

=========================================================================
Timing constraint: Default OFFSET IN BEFORE for Clock 'Result_not00011'
  Total number of paths / destination ports: 3614 / 32
-------------------------------------------------------------------------
Offset:              8.653ns (Levels of Logic = 37)
  Source:            S<0> (PAD)
  Destination:       Result_31 (LATCH)
  Destination Clock: Result_not00011 falling

  Data Path: S<0> to Result_31
                                Gate     Net
    Cell:in->out      fanout   Delay   Delay  Logical Name (Net Name)
    ----------------------------------------  ------------
     IBUF:I->O             5   1.218   0.808  S_0_IBUF (S_0_IBUF)
     LUT2:I0->O            1   0.704   0.000  Madd_Result_addsub0000_lut<0> (Madd_Result_addsub0000_lut<0>)
     MUXCY:S->O            1   0.464   0.000  Madd_Result_addsub0000_cy<0> (Madd_Result_addsub0000_cy<0>)
     MUXCY:CI->O           1   0.059   0.000  Madd_Result_addsub0000_cy<1> (Madd_Result_addsub0000_cy<1>)
     MUXCY:CI->O           1   0.059   0.000  Madd_Result_addsub0000_cy<2> (Madd_Result_addsub0000_cy<2>)
     MUXCY:CI->O           1   0.059   0.000  Madd_Result_addsub0000_cy<3> (Madd_Result_addsub0000_cy<3>)
     MUXCY:CI->O           1   0.059   0.000  Madd_Result_addsub0000_cy<4> (Madd_Result_addsub0000_cy<4>)
     MUXCY:CI->O           1   0.059   0.000  Madd_Result_addsub0000_cy<5> (Madd_Result_addsub0000_cy<5>)
     MUXCY:CI->O           1   0.059   0.000  Madd_Result_addsub0000_cy<6> (Madd_Result_addsub0000_cy<6>)
     MUXCY:CI->O           1   0.059   0.000  Madd_Result_addsub0000_cy<7> (Madd_Result_addsub0000_cy<7>)
     MUXCY:CI->O           1   0.059   0.000  Madd_Result_addsub0000_cy<8> (Madd_Result_addsub0000_cy<8>)
     MUXCY:CI->O           1   0.059   0.000  Madd_Result_addsub0000_cy<9> (Madd_Result_addsub0000_cy<9>)
     MUXCY:CI->O           1   0.059   0.000  Madd_Result_addsub0000_cy<10> (Madd_Result_addsub0000_cy<10>)
     MUXCY:CI->O           1   0.059   0.000  Madd_Result_addsub0000_cy<11> (Madd_Result_addsub0000_cy<11>)
     MUXCY:CI->O           1   0.059   0.000  Madd_Result_addsub0000_cy<12> (Madd_Result_addsub0000_cy<12>)
     MUXCY:CI->O           1   0.059   0.000  Madd_Result_addsub0000_cy<13> (Madd_Result_addsub0000_cy<13>)
     MUXCY:CI->O           1   0.059   0.000  Madd_Result_addsub0000_cy<14> (Madd_Result_addsub0000_cy<14>)
     MUXCY:CI->O           1   0.059   0.000  Madd_Result_addsub0000_cy<15> (Madd_Result_addsub0000_cy<15>)
     MUXCY:CI->O           1   0.059   0.000  Madd_Result_addsub0000_cy<16> (Madd_Result_addsub0000_cy<16>)
     MUXCY:CI->O           1   0.059   0.000  Madd_Result_addsub0000_cy<17> (Madd_Result_addsub0000_cy<17>)
     MUXCY:CI->O           1   0.059   0.000  Madd_Result_addsub0000_cy<18> (Madd_Result_addsub0000_cy<18>)
     MUXCY:CI->O           1   0.059   0.000  Madd_Result_addsub0000_cy<19> (Madd_Result_addsub0000_cy<19>)
     MUXCY:CI->O           1   0.059   0.000  Madd_Result_addsub0000_cy<20> (Madd_Result_addsub0000_cy<20>)
     MUXCY:CI->O           1   0.059   0.000  Madd_Result_addsub0000_cy<21> (Madd_Result_addsub0000_cy<21>)
     MUXCY:CI->O           1   0.059   0.000  Madd_Result_addsub0000_cy<22> (Madd_Result_addsub0000_cy<22>)
     MUXCY:CI->O           1   0.059   0.000  Madd_Result_addsub0000_cy<23> (Madd_Result_addsub0000_cy<23>)
     MUXCY:CI->O           1   0.059   0.000  Madd_Result_addsub0000_cy<24> (Madd_Result_addsub0000_cy<24>)
     MUXCY:CI->O           1   0.059   0.000  Madd_Result_addsub0000_cy<25> (Madd_Result_addsub0000_cy<25>)
     MUXCY:CI->O           1   0.059   0.000  Madd_Result_addsub0000_cy<26> (Madd_Result_addsub0000_cy<26>)
     MUXCY:CI->O           1   0.059   0.000  Madd_Result_addsub0000_cy<27> (Madd_Result_addsub0000_cy<27>)
     MUXCY:CI->O           1   0.059   0.000  Madd_Result_addsub0000_cy<28> (Madd_Result_addsub0000_cy<28>)
     MUXCY:CI->O           1   0.059   0.000  Madd_Result_addsub0000_cy<29> (Madd_Result_addsub0000_cy<29>)
     MUXCY:CI->O           0   0.059   0.000  Madd_Result_addsub0000_cy<30> (Madd_Result_addsub0000_cy<30>)
     XORCY:CI->O           1   0.804   0.424  Madd_Result_addsub0000_xor<31> (Result_addsub0000<31>)
     LUT4:I3->O            1   0.704   0.424  Result_mux0000<31>18_SW0 (N98)
     LUT4:I3->O            1   0.704   0.000  Result_mux0000<31>55_F (N160)
     MUXF5:I0->O           1   0.321   0.000  Result_mux0000<31>55 (Result_mux0000<31>)
     LD:D                      0.308          Result_31
    ----------------------------------------
    Total                      8.653ns (6.997ns logic, 1.656ns route)
                                       (80.9% logic, 19.1% route)

=========================================================================
Timing constraint: Default OFFSET OUT AFTER for Clock 'Result_not00011'
  Total number of paths / destination ports: 32 / 32
-------------------------------------------------------------------------
Offset:              4.368ns (Levels of Logic = 1)
  Source:            Result_31 (LATCH)
  Destination:       Result<31> (PAD)
  Source Clock:      Result_not00011 falling

  Data Path: Result_31 to Result<31>
                                Gate     Net
    Cell:in->out      fanout   Delay   Delay  Logical Name (Net Name)
    ----------------------------------------  ------------
     LD:G->Q               1   0.676   0.420  Result_31 (Result_31)
     OBUF:I->O                 3.272          Result_31_OBUF (Result<31>)
    ----------------------------------------
    Total                      4.368ns (3.948ns logic, 0.420ns route)
                                       (90.4% logic, 9.6% route)

=========================================================================


Total REAL time to Xst completion: 4.00 secs
Total CPU time to Xst completion: 4.34 secs
 
--> 

Total memory usage is 250808 kilobytes

Number of errors   :    0 (   0 filtered)
Number of warnings :    3 (   0 filtered)
Number of infos    :    1 (   0 filtered)

